<?xml version="1.0" encoding="UTF-8"?>
<testng-results skipped="0" failed="1" ignored="0" total="1" passed="0">
  <reporter-output>
  </reporter-output>
  <suite name="Suite" duration-ms="39412" started-at="2020-02-02T22:13:56 IST" finished-at="2020-02-02T22:14:36 IST">
    <groups>
    </groups>
    <test name="Testrun" duration-ms="39412" started-at="2020-02-02T22:13:56 IST" finished-at="2020-02-02T22:14:36 IST">
      <class name="Pagetest">
        <test-method status="PASS" signature="getDriver(java.lang.String)[pri:0, instance:Pagetest@17baae6e]" name="getDriver" is-config="true" duration-ms="16103" started-at="2020-02-02T22:13:56 IST" finished-at="2020-02-02T22:14:13 IST">
          <params>
            <param index="0">
              <value>
                <![CDATA[Chrome]]>
              </value>
            </param>
          </params>
          <reporter-output>
          </reporter-output>
        </test-method> <!-- getDriver -->
        <test-method status="FAIL" signature="Testrun()[pri:0, instance:Pagetest@17baae6e]" name="Testrun" duration-ms="20400" started-at="2020-02-02T22:14:13 IST" finished-at="2020-02-02T22:14:33 IST">
          <exception class="java.lang.AssertionError">
            <message>
              <![CDATA[Recharge was not successfull did not expect to find [true] but found [false]]]>
            </message>
            <full-stacktrace>
              <![CDATA[java.lang.AssertionError: Recharge was not successfull did not expect to find [true] but found [false]
at org.testng.Assert.fail(Assert.java:97)
at org.testng.Assert.failNotEquals(Assert.java:969)
at org.testng.Assert.assertTrue(Assert.java:43)
at Pagetest.Testrun(Pagetest.java:91)
at sun.reflect.NativeMethodAccessorImpl.invoke0(Native Method)
at sun.reflect.NativeMethodAccessorImpl.invoke(NativeMethodAccessorImpl.java:62)
at sun.reflect.DelegatingMethodAccessorImpl.invoke(DelegatingMethodAccessorImpl.java:43)
at java.lang.reflect.Method.invoke(Method.java:498)
at org.testng.internal.MethodInvocationHelper.invokeMethod(MethodInvocationHelper.java:133)
at org.testng.internal.TestInvoker.invokeMethod(TestInvoker.java:584)
at org.testng.internal.TestInvoker.invokeTestMethod(TestInvoker.java:172)
at org.testng.internal.MethodRunner.runInSequence(MethodRunner.java:46)
at org.testng.internal.TestInvoker$MethodInvocationAgent.invoke(TestInvoker.java:804)
at org.testng.internal.TestInvoker.invokeTestMethods(TestInvoker.java:145)
at org.testng.internal.TestMethodWorker.invokeTestMethods(TestMethodWorker.java:146)
at org.testng.internal.TestMethodWorker.run(TestMethodWorker.java:128)
at java.util.concurrent.ThreadPoolExecutor.runWorker(ThreadPoolExecutor.java:1142)
at java.util.concurrent.ThreadPoolExecutor$Worker.run(ThreadPoolExecutor.java:617)
at java.lang.Thread.run(Thread.java:745)
]]>
            </full-stacktrace>
          </exception> <!-- java.lang.AssertionError -->
          <reporter-output>
          </reporter-output>
        </test-method> <!-- Testrun -->
        <test-method status="PASS" signature="closeBrowser()[pri:0, instance:Pagetest@17baae6e]" name="closeBrowser" is-config="true" duration-ms="2853" started-at="2020-02-02T22:14:33 IST" finished-at="2020-02-02T22:14:36 IST">
          <reporter-output>
          </reporter-output>
        </test-method> <!-- closeBrowser -->
      </class> <!-- Pagetest -->
    </test> <!-- Testrun -->
  </suite> <!-- Suite -->
</testng-results>
